<?xml version="1.0" encoding="UTF-8"?>
<!DOCTYPE coverage SYSTEM "https://raw.githubusercontent.com/cobertura/cobertura/master/cobertura/src/site/htdocs/xml/coverage-04.dtd">
<coverage line-rate="0.96218487394958" branch-rate="0" lines-covered="458" lines-valid="476" branches-covered="0" branches-valid="0" complexity="0" version="3.6.4" timestamp="2024-11-27 15:45:49.82378">
  <sources>
    <source>/__w/teal.code/teal.code/teal.code</source>
  </sources>
  <packages>
    <package name="teal.code" line-rate="0.96218487394958" branch-rate="0" complexity="0">
      <classes>
        <class name="qenv-c.R" filename="R/qenv-c.R" line-rate="1" branch-rate="0" complexity="0">
          <methods>
            <method name=".check_joinable" signature="" line-rate="1" branch-rate="0" complexity="0">
              <lines>
                <line number="10" hits="16" branch="false"/>
                <line number="11" hits="16" branch="false"/>
                <line number="13" hits="16" branch="false"/>
                <line number="14" hits="16" branch="false"/>
                <line number="15" hits="13" branch="false"/>
                <line number="16" hits="16" branch="false"/>
                <line number="17" hits="16" branch="false"/>
                <line number="18" hits="2" branch="false"/>
                <line number="19" hits="2" branch="false"/>
                <line number="20" hits="2" branch="false"/>
                <line number="21" hits="2" branch="false"/>
                <line number="22" hits="2" branch="false"/>
                <line number="23" hits="2" branch="false"/>
                <line number="24" hits="2" branch="false"/>
                <line number="27" hits="14" branch="false"/>
                <line number="28" hits="14" branch="false"/>
                <line number="30" hits="14" branch="false"/>
                <line number="31" hits="14" branch="false"/>
                <line number="32" hits="8" branch="false"/>
                <line number="35" hits="6" branch="false"/>
                <line number="36" hits="6" branch="false"/>
                <line number="39" hits="6" branch="false"/>
                <line number="40" hits="4" branch="false"/>
                <line number="41" hits="2" branch="false"/>
                <line number="42" hits="1" branch="false"/>
                <line number="43" hits="1" branch="false"/>
                <line number="44" hits="1" branch="false"/>
                <line number="45" hits="1" branch="false"/>
                <line number="46" hits="1" branch="false"/>
                <line number="48" hits="1" branch="false"/>
                <line number="49" hits="1" branch="false"/>
                <line number="50" hits="1" branch="false"/>
                <line number="51" hits="1" branch="false"/>
                <line number="52" hits="1" branch="false"/>
              </lines>
            </method>
            <method name="c.qenv" signature="" line-rate="1" branch-rate="0" complexity="0">
              <lines>
                <line number="71" hits="183" branch="false"/>
                <line number="72" hits="183" branch="false"/>
                <line number="73" hits="166" branch="false"/>
                <line number="76" hits="17" branch="false"/>
                <line number="77" hits="17" branch="false"/>
                <line number="78" hits="1" branch="false"/>
                <line number="81" hits="16" branch="false"/>
                <line number="82" hits="16" branch="false"/>
                <line number="83" hits="16" branch="false"/>
                <line number="84" hits="16" branch="false"/>
                <line number="85" hits="16" branch="false"/>
                <line number="88" hits="16" branch="false"/>
                <line number="89" hits="4" branch="false"/>
                <line number="90" hits="16" branch="false"/>
                <line number="92" hits="12" branch="false"/>
                <line number="95" hits="12" branch="false"/>
                <line number="96" hits="12" branch="false"/>
                <line number="97" hits="12" branch="false"/>
                <line number="98" hits="16" branch="false"/>
                <line number="99" hits="16" branch="false"/>
              </lines>
            </method>
            <method name="c.qenv.error" signature="" line-rate="1" branch-rate="0" complexity="0">
              <lines>
                <line number="105" hits="3" branch="false"/>
              </lines>
            </method>
          </methods>
          <lines>
            <line number="10" hits="16" branch="false"/>
            <line number="11" hits="16" branch="false"/>
            <line number="13" hits="16" branch="false"/>
            <line number="14" hits="16" branch="false"/>
            <line number="15" hits="13" branch="false"/>
            <line number="16" hits="16" branch="false"/>
            <line number="17" hits="16" branch="false"/>
            <line number="18" hits="2" branch="false"/>
            <line number="19" hits="2" branch="false"/>
            <line number="20" hits="2" branch="false"/>
            <line number="21" hits="2" branch="false"/>
            <line number="22" hits="2" branch="false"/>
            <line number="23" hits="2" branch="false"/>
            <line number="24" hits="2" branch="false"/>
            <line number="27" hits="14" branch="false"/>
            <line number="28" hits="14" branch="false"/>
            <line number="30" hits="14" branch="false"/>
            <line number="31" hits="14" branch="false"/>
            <line number="32" hits="8" branch="false"/>
            <line number="35" hits="6" branch="false"/>
            <line number="36" hits="6" branch="false"/>
            <line number="39" hits="6" branch="false"/>
            <line number="40" hits="4" branch="false"/>
            <line number="41" hits="2" branch="false"/>
            <line number="42" hits="1" branch="false"/>
            <line number="43" hits="1" branch="false"/>
            <line number="44" hits="1" branch="false"/>
            <line number="45" hits="1" branch="false"/>
            <line number="46" hits="1" branch="false"/>
            <line number="48" hits="1" branch="false"/>
            <line number="49" hits="1" branch="false"/>
            <line number="50" hits="1" branch="false"/>
            <line number="51" hits="1" branch="false"/>
            <line number="52" hits="1" branch="false"/>
            <line number="71" hits="183" branch="false"/>
            <line number="72" hits="183" branch="false"/>
            <line number="73" hits="166" branch="false"/>
            <line number="76" hits="17" branch="false"/>
            <line number="77" hits="17" branch="false"/>
            <line number="78" hits="1" branch="false"/>
            <line number="81" hits="16" branch="false"/>
            <line number="82" hits="16" branch="false"/>
            <line number="83" hits="16" branch="false"/>
            <line number="84" hits="16" branch="false"/>
            <line number="85" hits="16" branch="false"/>
            <line number="88" hits="16" branch="false"/>
            <line number="89" hits="4" branch="false"/>
            <line number="90" hits="16" branch="false"/>
            <line number="92" hits="12" branch="false"/>
            <line number="95" hits="12" branch="false"/>
            <line number="96" hits="12" branch="false"/>
            <line number="97" hits="12" branch="false"/>
            <line number="98" hits="16" branch="false"/>
            <line number="99" hits="16" branch="false"/>
            <line number="105" hits="3" branch="false"/>
          </lines>
        </class>
        <class name="qenv-class.R" filename="R/qenv-class.R" line-rate="1" branch-rate="0" complexity="0">
          <methods>
            <method name="qenv" signature="" line-rate="0.96551724137931" branch-rate="0" complexity="0">
              <lines>
                <line number="34" hits="167" branch="false"/>
                <line number="35" hits="165" branch="false"/>
                <line number="36" hits="167" branch="false"/>
                <line number="37" hits="2" branch="false"/>
                <line number="38" hits="1" branch="false"/>
                <line number="39" hits="167" branch="false"/>
                <line number="40" hits="166" branch="false"/>
                <line number="45" hits="166" branch="false"/>
                <line number="46" hits="166" branch="false"/>
                <line number="47" hits="166" branch="false"/>
                <line number="48" hits="166" branch="false"/>
                <line number="49" hits="166" branch="false"/>
                <line number="28" hits="164" branch="false"/>
                <line number="129" hits="100" branch="false"/>
                <line number="130" hits="100" branch="false"/>
                <line number="133" hits="100" branch="false"/>
                <line number="134" hits="60" branch="false"/>
                <line number="137" hits="100" branch="false"/>
                <line number="138" hits="60" branch="false"/>
                <line number="139" hits="100" branch="false"/>
                <line number="140" hits="40" branch="false"/>
                <line number="141" hits="100" branch="false"/>
                <line number="143" hits="100" branch="false"/>
                <line number="144" hits="98" branch="false"/>
                <line number="146" hits="2" branch="false"/>
                <line number="25" hits="14" branch="false"/>
                <line number="31" hits="5" branch="false"/>
                <line number="31" hits="5" branch="false"/>
                <line number="19" hits="0" branch="false"/>
              </lines>
            </method>
          </methods>
          <lines>
            <line number="34" hits="167" branch="false"/>
            <line number="35" hits="165" branch="false"/>
            <line number="36" hits="167" branch="false"/>
            <line number="37" hits="2" branch="false"/>
            <line number="38" hits="1" branch="false"/>
            <line number="39" hits="167" branch="false"/>
            <line number="40" hits="166" branch="false"/>
            <line number="45" hits="166" branch="false"/>
            <line number="46" hits="166" branch="false"/>
            <line number="47" hits="166" branch="false"/>
            <line number="48" hits="166" branch="false"/>
            <line number="49" hits="166" branch="false"/>
          </lines>
        </class>
        <class name="qenv-concat.R" filename="R/qenv-concat.R" line-rate="1" branch-rate="0" complexity="0">
          <methods>
            <method name="concat" signature="" line-rate="1" branch-rate="0" complexity="0">
              <lines>
                <line number="32" hits="9" branch="false"/>
              </lines>
            </method>
            <method name="qenv#qenv" signature="" line-rate="0.666666666666667" branch-rate="0" complexity="0">
              <lines>
                <line number="35" hits="5" branch="false"/>
                <line number="38" hits="5" branch="false"/>
                <line number="39" hits="5" branch="false"/>
                <line number="40" hits="5" branch="false"/>
                <line number="140" hits="0" branch="false"/>
                <line number="141" hits="0" branch="false"/>
              </lines>
            </method>
            <method name="qenv.error#ANY" signature="" line-rate="0.625" branch-rate="0" complexity="0">
              <lines>
                <line number="44" hits="3" branch="false"/>
                <line number="107" hits="0" branch="false"/>
                <line number="43" hits="1" branch="false"/>
                <line number="44" hits="1" branch="false"/>
                <line number="45" hits="1" branch="false"/>
                <line number="46" hits="1" branch="false"/>
                <line number="150" hits="0" branch="false"/>
                <line number="151" hits="0" branch="false"/>
              </lines>
            </method>
            <method name="qenv#qenv.error" signature="" line-rate="0.333333333333333" branch-rate="0" complexity="0">
              <lines>
                <line number="48" hits="1" branch="false"/>
                <line number="145" hits="0" branch="false"/>
                <line number="146" hits="0" branch="false"/>
              </lines>
            </method>
          </methods>
          <lines>
            <line number="32" hits="9" branch="false"/>
            <line number="35" hits="5" branch="false"/>
            <line number="38" hits="5" branch="false"/>
            <line number="39" hits="5" branch="false"/>
            <line number="40" hits="5" branch="false"/>
            <line number="44" hits="3" branch="false"/>
            <line number="48" hits="1" branch="false"/>
          </lines>
        </class>
        <class name="qenv-constructor.R" filename="R/qenv-constructor.R" line-rate="1" branch-rate="0" complexity="0">
          <methods>
            <method name="qenv" signature="" line-rate="0.96551724137931" branch-rate="0" complexity="0">
              <lines>
                <line number="34" hits="167" branch="false"/>
                <line number="35" hits="165" branch="false"/>
                <line number="36" hits="167" branch="false"/>
                <line number="37" hits="2" branch="false"/>
                <line number="38" hits="1" branch="false"/>
                <line number="39" hits="167" branch="false"/>
                <line number="40" hits="166" branch="false"/>
                <line number="45" hits="166" branch="false"/>
                <line number="46" hits="166" branch="false"/>
                <line number="47" hits="166" branch="false"/>
                <line number="48" hits="166" branch="false"/>
                <line number="49" hits="166" branch="false"/>
                <line number="28" hits="164" branch="false"/>
                <line number="129" hits="100" branch="false"/>
                <line number="130" hits="100" branch="false"/>
                <line number="133" hits="100" branch="false"/>
                <line number="134" hits="60" branch="false"/>
                <line number="137" hits="100" branch="false"/>
                <line number="138" hits="60" branch="false"/>
                <line number="139" hits="100" branch="false"/>
                <line number="140" hits="40" branch="false"/>
                <line number="141" hits="100" branch="false"/>
                <line number="143" hits="100" branch="false"/>
                <line number="144" hits="98" branch="false"/>
                <line number="146" hits="2" branch="false"/>
                <line number="25" hits="14" branch="false"/>
                <line number="31" hits="5" branch="false"/>
                <line number="31" hits="5" branch="false"/>
                <line number="19" hits="0" branch="false"/>
              </lines>
            </method>
          </methods>
          <lines>
            <line number="28" hits="164" branch="false"/>
          </lines>
        </class>
        <class name="qenv-errors.R" filename="R/qenv-errors.R" line-rate="0" branch-rate="0" complexity="0">
          <methods>
            <method name="as.list.qenv.error" signature="" line-rate="0" branch-rate="0" complexity="0">
              <lines>
                <line number="6" hits="0" branch="false"/>
                <line number="7" hits="0" branch="false"/>
                <line number="8" hits="0" branch="false"/>
                <line number="9" hits="0" branch="false"/>
              </lines>
            </method>
          </methods>
          <lines>
            <line number="6" hits="0" branch="false"/>
            <line number="7" hits="0" branch="false"/>
            <line number="8" hits="0" branch="false"/>
            <line number="9" hits="0" branch="false"/>
          </lines>
        </class>
        <class name="qenv-eval_code.R" filename="R/qenv-eval_code.R" line-rate="0.964912280701754" branch-rate="0" complexity="0">
          <methods>
            <method name="eval_code" signature="" line-rate="1" branch-rate="0" complexity="0">
              <lines>
                <line number="31" hits="414" branch="false"/>
              </lines>
            </method>
            <method name="qenv#character" signature="" line-rate="1" branch-rate="0" complexity="0">
              <lines>
                <line number="34" hits="217" branch="false"/>
                <line number="35" hits="217" branch="false"/>
                <line number="36" hits="217" branch="false"/>
                <line number="38" hits="2" branch="false"/>
                <line number="39" hits="2" branch="false"/>
                <line number="40" hits="2" branch="false"/>
                <line number="42" hits="215" branch="false"/>
                <line number="43" hits="215" branch="false"/>
                <line number="44" hits="319" branch="false"/>
                <line number="45" hits="319" branch="false"/>
                <line number="49" hits="319" branch="false"/>
                <line number="50" hits="319" branch="false"/>
                <line number="51" hits="319" branch="false"/>
                <line number="52" hits="319" branch="false"/>
                <line number="53" hits="306" branch="false"/>
                <line number="56" hits="3" branch="false"/>
                <line number="57" hits="319" branch="false"/>
                <line number="58" hits="306" branch="false"/>
                <line number="59" hits="319" branch="false"/>
                <line number="60" hits="319" branch="false"/>
                <line number="61" hits="13" branch="false"/>
                <line number="62" hits="13" branch="false"/>
                <line number="63" hits="13" branch="false"/>
                <line number="64" hits="13" branch="false"/>
                <line number="65" hits="13" branch="false"/>
                <line number="66" hits="13" branch="false"/>
                <line number="67" hits="13" branch="false"/>
                <line number="68" hits="13" branch="false"/>
                <line number="69" hits="13" branch="false"/>
                <line number="70" hits="319" branch="false"/>
                <line number="71" hits="319" branch="false"/>
                <line number="72" hits="319" branch="false"/>
                <line number="73" hits="10" branch="false"/>
                <line number="74" hits="10" branch="false"/>
                <line number="75" hits="319" branch="false"/>
                <line number="76" hits="319" branch="false"/>
                <line number="77" hits="15" branch="false"/>
                <line number="78" hits="15" branch="false"/>
                <line number="79" hits="319" branch="false"/>
                <line number="80" hits="319" branch="false"/>
                <line number="82" hits="319" branch="false"/>
                <line number="83" hits="13" branch="false"/>
                <line number="85" hits="306" branch="false"/>
                <line number="86" hits="306" branch="false"/>
                <line number="89" hits="202" branch="false"/>
                <line number="90" hits="202" branch="false"/>
                <line number="32" hits="4" branch="false"/>
                <line number="33" hits="4" branch="false"/>
                <line number="34" hits="4" branch="false"/>
                <line number="35" hits="4" branch="false"/>
                <line number="36" hits="3" branch="false"/>
                <line number="37" hits="3" branch="false"/>
                <line number="38" hits="4" branch="false"/>
                <line number="39" hits="4" branch="false"/>
              </lines>
            </method>
            <method name="qenv#language" signature="" line-rate="1" branch-rate="0" complexity="0">
              <lines>
                <line number="94" hits="147" branch="false"/>
              </lines>
            </method>
            <method name="qenv#expression" signature="" line-rate="1" branch-rate="0" complexity="0">
              <lines>
                <line number="98" hits="49" branch="false"/>
                <line number="99" hits="49" branch="false"/>
                <line number="100" hits="2" branch="false"/>
                <line number="102" hits="47" branch="false"/>
              </lines>
            </method>
            <method name="qenv.error#ANY" signature="" line-rate="0.625" branch-rate="0" complexity="0">
              <lines>
                <line number="44" hits="3" branch="false"/>
                <line number="107" hits="0" branch="false"/>
                <line number="43" hits="1" branch="false"/>
                <line number="44" hits="1" branch="false"/>
                <line number="45" hits="1" branch="false"/>
                <line number="46" hits="1" branch="false"/>
                <line number="150" hits="0" branch="false"/>
                <line number="151" hits="0" branch="false"/>
              </lines>
            </method>
            <method name=".ansi_strip" signature="" line-rate="0.666666666666667" branch-rate="0" complexity="0">
              <lines>
                <line number="113" hits="38" branch="false"/>
                <line number="114" hits="38" branch="false"/>
                <line number="116" hits="0" branch="false"/>
              </lines>
            </method>
            <method name="get_code_attr" signature="" line-rate="1" branch-rate="0" complexity="0">
              <lines>
                <line number="121" hits="2" branch="false"/>
              </lines>
            </method>
          </methods>
          <lines>
            <line number="31" hits="414" branch="false"/>
            <line number="34" hits="217" branch="false"/>
            <line number="35" hits="217" branch="false"/>
            <line number="36" hits="217" branch="false"/>
            <line number="38" hits="2" branch="false"/>
            <line number="39" hits="2" branch="false"/>
            <line number="40" hits="2" branch="false"/>
            <line number="42" hits="215" branch="false"/>
            <line number="43" hits="215" branch="false"/>
            <line number="44" hits="319" branch="false"/>
            <line number="45" hits="319" branch="false"/>
            <line number="49" hits="319" branch="false"/>
            <line number="50" hits="319" branch="false"/>
            <line number="51" hits="319" branch="false"/>
            <line number="52" hits="319" branch="false"/>
            <line number="53" hits="306" branch="false"/>
            <line number="56" hits="3" branch="false"/>
            <line number="57" hits="319" branch="false"/>
            <line number="58" hits="306" branch="false"/>
            <line number="59" hits="319" branch="false"/>
            <line number="60" hits="319" branch="false"/>
            <line number="61" hits="13" branch="false"/>
            <line number="62" hits="13" branch="false"/>
            <line number="63" hits="13" branch="false"/>
            <line number="64" hits="13" branch="false"/>
            <line number="65" hits="13" branch="false"/>
            <line number="66" hits="13" branch="false"/>
            <line number="67" hits="13" branch="false"/>
            <line number="68" hits="13" branch="false"/>
            <line number="69" hits="13" branch="false"/>
            <line number="70" hits="319" branch="false"/>
            <line number="71" hits="319" branch="false"/>
            <line number="72" hits="319" branch="false"/>
            <line number="73" hits="10" branch="false"/>
            <line number="74" hits="10" branch="false"/>
            <line number="75" hits="319" branch="false"/>
            <line number="76" hits="319" branch="false"/>
            <line number="77" hits="15" branch="false"/>
            <line number="78" hits="15" branch="false"/>
            <line number="79" hits="319" branch="false"/>
            <line number="80" hits="319" branch="false"/>
            <line number="82" hits="319" branch="false"/>
            <line number="83" hits="13" branch="false"/>
            <line number="85" hits="306" branch="false"/>
            <line number="86" hits="306" branch="false"/>
            <line number="89" hits="202" branch="false"/>
            <line number="90" hits="202" branch="false"/>
            <line number="94" hits="147" branch="false"/>
            <line number="98" hits="49" branch="false"/>
            <line number="99" hits="49" branch="false"/>
            <line number="100" hits="2" branch="false"/>
            <line number="102" hits="47" branch="false"/>
            <line number="107" hits="0" branch="false"/>
            <line number="113" hits="38" branch="false"/>
            <line number="114" hits="38" branch="false"/>
            <line number="116" hits="0" branch="false"/>
            <line number="121" hits="2" branch="false"/>
          </lines>
        </class>
        <class name="qenv-extract.R" filename="R/qenv-extract.R" line-rate="1" branch-rate="0" complexity="0">
          <methods>
            <method name="[.qenv" signature="" line-rate="1" branch-rate="0" complexity="0">
              <lines>
                <line number="20" hits="12" branch="false"/>
                <line number="21" hits="12" branch="false"/>
                <line number="22" hits="12" branch="false"/>
                <line number="23" hits="12" branch="false"/>
                <line number="24" hits="9" branch="false"/>
                <line number="25" hits="9" branch="false"/>
                <line number="26" hits="2" branch="false"/>
                <line number="27" hits="2" branch="false"/>
                <line number="28" hits="2" branch="false"/>
                <line number="29" hits="2" branch="false"/>
                <line number="30" hits="2" branch="false"/>
                <line number="31" hits="2" branch="false"/>
                <line number="32" hits="2" branch="false"/>
                <line number="33" hits="12" branch="false"/>
                <line number="34" hits="9" branch="false"/>
                <line number="35" hits="12" branch="false"/>
                <line number="36" hits="3" branch="false"/>
                <line number="37" hits="3" branch="false"/>
                <line number="38" hits="3" branch="false"/>
                <line number="39" hits="3" branch="false"/>
                <line number="40" hits="3" branch="false"/>
                <line number="41" hits="3" branch="false"/>
                <line number="42" hits="3" branch="false"/>
                <line number="43" hits="3" branch="false"/>
                <line number="44" hits="12" branch="false"/>
                <line number="45" hits="12" branch="false"/>
                <line number="46" hits="12" branch="false"/>
                <line number="48" hits="12" branch="false"/>
                <line number="49" hits="12" branch="false"/>
                <line number="51" hits="12" branch="false"/>
              </lines>
            </method>
          </methods>
          <lines>
            <line number="20" hits="12" branch="false"/>
            <line number="21" hits="12" branch="false"/>
            <line number="22" hits="12" branch="false"/>
            <line number="23" hits="12" branch="false"/>
            <line number="24" hits="9" branch="false"/>
            <line number="25" hits="9" branch="false"/>
            <line number="26" hits="2" branch="false"/>
            <line number="27" hits="2" branch="false"/>
            <line number="28" hits="2" branch="false"/>
            <line number="29" hits="2" branch="false"/>
            <line number="30" hits="2" branch="false"/>
            <line number="31" hits="2" branch="false"/>
            <line number="32" hits="2" branch="false"/>
            <line number="33" hits="12" branch="false"/>
            <line number="34" hits="9" branch="false"/>
            <line number="35" hits="12" branch="false"/>
            <line number="36" hits="3" branch="false"/>
            <line number="37" hits="3" branch="false"/>
            <line number="38" hits="3" branch="false"/>
            <line number="39" hits="3" branch="false"/>
            <line number="40" hits="3" branch="false"/>
            <line number="41" hits="3" branch="false"/>
            <line number="42" hits="3" branch="false"/>
            <line number="43" hits="3" branch="false"/>
            <line number="44" hits="12" branch="false"/>
            <line number="45" hits="12" branch="false"/>
            <line number="46" hits="12" branch="false"/>
            <line number="48" hits="12" branch="false"/>
            <line number="49" hits="12" branch="false"/>
            <line number="51" hits="12" branch="false"/>
          </lines>
        </class>
        <class name="qenv-get_code.R" filename="R/qenv-get_code.R" line-rate="1" branch-rate="0" complexity="0">
          <methods>
            <method name="get_code" signature="" line-rate="1" branch-rate="0" complexity="0">
              <lines>
                <line number="124" hits="102" branch="false"/>
                <line number="125" hits="102" branch="false"/>
              </lines>
            </method>
            <method name="qenv" signature="" line-rate="0.96551724137931" branch-rate="0" complexity="0">
              <lines>
                <line number="34" hits="167" branch="false"/>
                <line number="35" hits="165" branch="false"/>
                <line number="36" hits="167" branch="false"/>
                <line number="37" hits="2" branch="false"/>
                <line number="38" hits="1" branch="false"/>
                <line number="39" hits="167" branch="false"/>
                <line number="40" hits="166" branch="false"/>
                <line number="45" hits="166" branch="false"/>
                <line number="46" hits="166" branch="false"/>
                <line number="47" hits="166" branch="false"/>
                <line number="48" hits="166" branch="false"/>
                <line number="49" hits="166" branch="false"/>
                <line number="28" hits="164" branch="false"/>
                <line number="129" hits="100" branch="false"/>
                <line number="130" hits="100" branch="false"/>
                <line number="133" hits="100" branch="false"/>
                <line number="134" hits="60" branch="false"/>
                <line number="137" hits="100" branch="false"/>
                <line number="138" hits="60" branch="false"/>
                <line number="139" hits="100" branch="false"/>
                <line number="140" hits="40" branch="false"/>
                <line number="141" hits="100" branch="false"/>
                <line number="143" hits="100" branch="false"/>
                <line number="144" hits="98" branch="false"/>
                <line number="146" hits="2" branch="false"/>
                <line number="25" hits="14" branch="false"/>
                <line number="31" hits="5" branch="false"/>
                <line number="31" hits="5" branch="false"/>
                <line number="19" hits="0" branch="false"/>
              </lines>
            </method>
            <method name="qenv.error" signature="" line-rate="0.923076923076923" branch-rate="0" complexity="0">
              <lines>
                <line number="151" hits="2" branch="false"/>
                <line number="152" hits="2" branch="false"/>
                <line number="153" hits="2" branch="false"/>
                <line number="154" hits="2" branch="false"/>
                <line number="155" hits="2" branch="false"/>
                <line number="156" hits="2" branch="false"/>
                <line number="157" hits="2" branch="false"/>
                <line number="158" hits="2" branch="false"/>
                <line number="159" hits="2" branch="false"/>
                <line number="160" hits="2" branch="false"/>
                <line number="27" hits="0" branch="false"/>
                <line number="35" hits="1" branch="false"/>
                <line number="35" hits="1" branch="false"/>
              </lines>
            </method>
          </methods>
          <lines>
            <line number="124" hits="102" branch="false"/>
            <line number="125" hits="102" branch="false"/>
            <line number="129" hits="100" branch="false"/>
            <line number="130" hits="100" branch="false"/>
            <line number="133" hits="100" branch="false"/>
            <line number="134" hits="60" branch="false"/>
            <line number="137" hits="100" branch="false"/>
            <line number="138" hits="60" branch="false"/>
            <line number="139" hits="100" branch="false"/>
            <line number="140" hits="40" branch="false"/>
            <line number="141" hits="100" branch="false"/>
            <line number="143" hits="100" branch="false"/>
            <line number="144" hits="98" branch="false"/>
            <line number="146" hits="2" branch="false"/>
            <line number="151" hits="2" branch="false"/>
            <line number="152" hits="2" branch="false"/>
            <line number="153" hits="2" branch="false"/>
            <line number="154" hits="2" branch="false"/>
            <line number="155" hits="2" branch="false"/>
            <line number="156" hits="2" branch="false"/>
            <line number="157" hits="2" branch="false"/>
            <line number="158" hits="2" branch="false"/>
            <line number="159" hits="2" branch="false"/>
            <line number="160" hits="2" branch="false"/>
          </lines>
        </class>
        <class name="qenv-get_env.R" filename="R/qenv-get_env.R" line-rate="0.666666666666667" branch-rate="0" complexity="0">
          <methods>
            <method name="get_env" signature="" line-rate="1" branch-rate="0" complexity="0">
              <lines>
                <line number="22" hits="14" branch="false"/>
              </lines>
            </method>
            <method name="qenv" signature="" line-rate="0.96551724137931" branch-rate="0" complexity="0">
              <lines>
                <line number="34" hits="167" branch="false"/>
                <line number="35" hits="165" branch="false"/>
                <line number="36" hits="167" branch="false"/>
                <line number="37" hits="2" branch="false"/>
                <line number="38" hits="1" branch="false"/>
                <line number="39" hits="167" branch="false"/>
                <line number="40" hits="166" branch="false"/>
                <line number="45" hits="166" branch="false"/>
                <line number="46" hits="166" branch="false"/>
                <line number="47" hits="166" branch="false"/>
                <line number="48" hits="166" branch="false"/>
                <line number="49" hits="166" branch="false"/>
                <line number="28" hits="164" branch="false"/>
                <line number="129" hits="100" branch="false"/>
                <line number="130" hits="100" branch="false"/>
                <line number="133" hits="100" branch="false"/>
                <line number="134" hits="60" branch="false"/>
                <line number="137" hits="100" branch="false"/>
                <line number="138" hits="60" branch="false"/>
                <line number="139" hits="100" branch="false"/>
                <line number="140" hits="40" branch="false"/>
                <line number="141" hits="100" branch="false"/>
                <line number="143" hits="100" branch="false"/>
                <line number="144" hits="98" branch="false"/>
                <line number="146" hits="2" branch="false"/>
                <line number="25" hits="14" branch="false"/>
                <line number="31" hits="5" branch="false"/>
                <line number="31" hits="5" branch="false"/>
                <line number="19" hits="0" branch="false"/>
              </lines>
            </method>
            <method name="qenv.error" signature="" line-rate="0.923076923076923" branch-rate="0" complexity="0">
              <lines>
                <line number="151" hits="2" branch="false"/>
                <line number="152" hits="2" branch="false"/>
                <line number="153" hits="2" branch="false"/>
                <line number="154" hits="2" branch="false"/>
                <line number="155" hits="2" branch="false"/>
                <line number="156" hits="2" branch="false"/>
                <line number="157" hits="2" branch="false"/>
                <line number="158" hits="2" branch="false"/>
                <line number="159" hits="2" branch="false"/>
                <line number="160" hits="2" branch="false"/>
                <line number="27" hits="0" branch="false"/>
                <line number="35" hits="1" branch="false"/>
                <line number="35" hits="1" branch="false"/>
              </lines>
            </method>
          </methods>
          <lines>
            <line number="22" hits="14" branch="false"/>
            <line number="25" hits="14" branch="false"/>
            <line number="27" hits="0" branch="false"/>
          </lines>
        </class>
        <class name="qenv-get_messages.r" filename="R/qenv-get_messages.r" line-rate="1" branch-rate="0" complexity="0">
          <methods>
            <method name="get_messages" signature="" line-rate="1" branch-rate="0" complexity="0">
              <lines>
                <line number="26" hits="7" branch="false"/>
                <line number="27" hits="7" branch="false"/>
              </lines>
            </method>
            <method name="qenv" signature="" line-rate="0.96551724137931" branch-rate="0" complexity="0">
              <lines>
                <line number="34" hits="167" branch="false"/>
                <line number="35" hits="165" branch="false"/>
                <line number="36" hits="167" branch="false"/>
                <line number="37" hits="2" branch="false"/>
                <line number="38" hits="1" branch="false"/>
                <line number="39" hits="167" branch="false"/>
                <line number="40" hits="166" branch="false"/>
                <line number="45" hits="166" branch="false"/>
                <line number="46" hits="166" branch="false"/>
                <line number="47" hits="166" branch="false"/>
                <line number="48" hits="166" branch="false"/>
                <line number="49" hits="166" branch="false"/>
                <line number="28" hits="164" branch="false"/>
                <line number="129" hits="100" branch="false"/>
                <line number="130" hits="100" branch="false"/>
                <line number="133" hits="100" branch="false"/>
                <line number="134" hits="60" branch="false"/>
                <line number="137" hits="100" branch="false"/>
                <line number="138" hits="60" branch="false"/>
                <line number="139" hits="100" branch="false"/>
                <line number="140" hits="40" branch="false"/>
                <line number="141" hits="100" branch="false"/>
                <line number="143" hits="100" branch="false"/>
                <line number="144" hits="98" branch="false"/>
                <line number="146" hits="2" branch="false"/>
                <line number="25" hits="14" branch="false"/>
                <line number="31" hits="5" branch="false"/>
                <line number="31" hits="5" branch="false"/>
                <line number="19" hits="0" branch="false"/>
              </lines>
            </method>
            <method name="qenv.error" signature="" line-rate="0.923076923076923" branch-rate="0" complexity="0">
              <lines>
                <line number="151" hits="2" branch="false"/>
                <line number="152" hits="2" branch="false"/>
                <line number="153" hits="2" branch="false"/>
                <line number="154" hits="2" branch="false"/>
                <line number="155" hits="2" branch="false"/>
                <line number="156" hits="2" branch="false"/>
                <line number="157" hits="2" branch="false"/>
                <line number="158" hits="2" branch="false"/>
                <line number="159" hits="2" branch="false"/>
                <line number="160" hits="2" branch="false"/>
                <line number="27" hits="0" branch="false"/>
                <line number="35" hits="1" branch="false"/>
                <line number="35" hits="1" branch="false"/>
              </lines>
            </method>
            <method name="NULL" signature="" line-rate="1" branch-rate="0" complexity="0">
              <lines>
                <line number="39" hits="1" branch="false"/>
                <line number="39" hits="1" branch="false"/>
              </lines>
            </method>
          </methods>
          <lines>
            <line number="26" hits="7" branch="false"/>
            <line number="27" hits="7" branch="false"/>
            <line number="31" hits="5" branch="false"/>
            <line number="35" hits="1" branch="false"/>
            <line number="39" hits="1" branch="false"/>
          </lines>
        </class>
        <class name="qenv-get_var.R" filename="R/qenv-get_var.R" line-rate="1" branch-rate="0" complexity="0">
          <methods>
            <method name="get_var" signature="" line-rate="1" branch-rate="0" complexity="0">
              <lines>
                <line number="27" hits="5" branch="false"/>
                <line number="28" hits="5" branch="false"/>
              </lines>
            </method>
            <method name="qenv#character" signature="" line-rate="1" branch-rate="0" complexity="0">
              <lines>
                <line number="34" hits="217" branch="false"/>
                <line number="35" hits="217" branch="false"/>
                <line number="36" hits="217" branch="false"/>
                <line number="38" hits="2" branch="false"/>
                <line number="39" hits="2" branch="false"/>
                <line number="40" hits="2" branch="false"/>
                <line number="42" hits="215" branch="false"/>
                <line number="43" hits="215" branch="false"/>
                <line number="44" hits="319" branch="false"/>
                <line number="45" hits="319" branch="false"/>
                <line number="49" hits="319" branch="false"/>
                <line number="50" hits="319" branch="false"/>
                <line number="51" hits="319" branch="false"/>
                <line number="52" hits="319" branch="false"/>
                <line number="53" hits="306" branch="false"/>
                <line number="56" hits="3" branch="false"/>
                <line number="57" hits="319" branch="false"/>
                <line number="58" hits="306" branch="false"/>
                <line number="59" hits="319" branch="false"/>
                <line number="60" hits="319" branch="false"/>
                <line number="61" hits="13" branch="false"/>
                <line number="62" hits="13" branch="false"/>
                <line number="63" hits="13" branch="false"/>
                <line number="64" hits="13" branch="false"/>
                <line number="65" hits="13" branch="false"/>
                <line number="66" hits="13" branch="false"/>
                <line number="67" hits="13" branch="false"/>
                <line number="68" hits="13" branch="false"/>
                <line number="69" hits="13" branch="false"/>
                <line number="70" hits="319" branch="false"/>
                <line number="71" hits="319" branch="false"/>
                <line number="72" hits="319" branch="false"/>
                <line number="73" hits="10" branch="false"/>
                <line number="74" hits="10" branch="false"/>
                <line number="75" hits="319" branch="false"/>
                <line number="76" hits="319" branch="false"/>
                <line number="77" hits="15" branch="false"/>
                <line number="78" hits="15" branch="false"/>
                <line number="79" hits="319" branch="false"/>
                <line number="80" hits="319" branch="false"/>
                <line number="82" hits="319" branch="false"/>
                <line number="83" hits="13" branch="false"/>
                <line number="85" hits="306" branch="false"/>
                <line number="86" hits="306" branch="false"/>
                <line number="89" hits="202" branch="false"/>
                <line number="90" hits="202" branch="false"/>
                <line number="32" hits="4" branch="false"/>
                <line number="33" hits="4" branch="false"/>
                <line number="34" hits="4" branch="false"/>
                <line number="35" hits="4" branch="false"/>
                <line number="36" hits="3" branch="false"/>
                <line number="37" hits="3" branch="false"/>
                <line number="38" hits="4" branch="false"/>
                <line number="39" hits="4" branch="false"/>
              </lines>
            </method>
            <method name="qenv.error#ANY" signature="" line-rate="0.625" branch-rate="0" complexity="0">
              <lines>
                <line number="44" hits="3" branch="false"/>
                <line number="107" hits="0" branch="false"/>
                <line number="43" hits="1" branch="false"/>
                <line number="44" hits="1" branch="false"/>
                <line number="45" hits="1" branch="false"/>
                <line number="46" hits="1" branch="false"/>
                <line number="150" hits="0" branch="false"/>
                <line number="151" hits="0" branch="false"/>
              </lines>
            </method>
            <method name="[[.qenv.error" signature="" line-rate="1" branch-rate="0" complexity="0">
              <lines>
                <line number="52" hits="1" branch="false"/>
                <line number="53" hits="1" branch="false"/>
                <line number="54" hits="1" branch="false"/>
                <line number="55" hits="1" branch="false"/>
              </lines>
            </method>
            <method name="names.qenv.error" signature="" line-rate="1" branch-rate="0" complexity="0">
              <lines>
                <line number="59" hits="4" branch="false"/>
              </lines>
            </method>
            <method name="$.qenv.error" signature="" line-rate="1" branch-rate="0" complexity="0">
              <lines>
                <line number="65" hits="9" branch="false"/>
                <line number="66" hits="8" branch="false"/>
                <line number="69" hits="1" branch="false"/>
                <line number="70" hits="1" branch="false"/>
                <line number="71" hits="1" branch="false"/>
                <line number="72" hits="1" branch="false"/>
                <line number="73" hits="1" branch="false"/>
              </lines>
            </method>
          </methods>
          <lines>
            <line number="27" hits="5" branch="false"/>
            <line number="28" hits="5" branch="false"/>
            <line number="32" hits="4" branch="false"/>
            <line number="33" hits="4" branch="false"/>
            <line number="34" hits="4" branch="false"/>
            <line number="35" hits="4" branch="false"/>
            <line number="36" hits="3" branch="false"/>
            <line number="37" hits="3" branch="false"/>
            <line number="38" hits="4" branch="false"/>
            <line number="39" hits="4" branch="false"/>
            <line number="43" hits="1" branch="false"/>
            <line number="44" hits="1" branch="false"/>
            <line number="45" hits="1" branch="false"/>
            <line number="46" hits="1" branch="false"/>
            <line number="52" hits="1" branch="false"/>
            <line number="53" hits="1" branch="false"/>
            <line number="54" hits="1" branch="false"/>
            <line number="55" hits="1" branch="false"/>
            <line number="59" hits="4" branch="false"/>
            <line number="65" hits="9" branch="false"/>
            <line number="66" hits="8" branch="false"/>
            <line number="69" hits="1" branch="false"/>
            <line number="70" hits="1" branch="false"/>
            <line number="71" hits="1" branch="false"/>
            <line number="72" hits="1" branch="false"/>
            <line number="73" hits="1" branch="false"/>
          </lines>
        </class>
        <class name="qenv-get_warnings.R" filename="R/qenv-get_warnings.R" line-rate="1" branch-rate="0" complexity="0">
          <methods>
            <method name="get_warnings" signature="" line-rate="1" branch-rate="0" complexity="0">
              <lines>
                <line number="26" hits="7" branch="false"/>
                <line number="27" hits="7" branch="false"/>
              </lines>
            </method>
            <method name="qenv" signature="" line-rate="0.96551724137931" branch-rate="0" complexity="0">
              <lines>
                <line number="34" hits="167" branch="false"/>
                <line number="35" hits="165" branch="false"/>
                <line number="36" hits="167" branch="false"/>
                <line number="37" hits="2" branch="false"/>
                <line number="38" hits="1" branch="false"/>
                <line number="39" hits="167" branch="false"/>
                <line number="40" hits="166" branch="false"/>
                <line number="45" hits="166" branch="false"/>
                <line number="46" hits="166" branch="false"/>
                <line number="47" hits="166" branch="false"/>
                <line number="48" hits="166" branch="false"/>
                <line number="49" hits="166" branch="false"/>
                <line number="28" hits="164" branch="false"/>
                <line number="129" hits="100" branch="false"/>
                <line number="130" hits="100" branch="false"/>
                <line number="133" hits="100" branch="false"/>
                <line number="134" hits="60" branch="false"/>
                <line number="137" hits="100" branch="false"/>
                <line number="138" hits="60" branch="false"/>
                <line number="139" hits="100" branch="false"/>
                <line number="140" hits="40" branch="false"/>
                <line number="141" hits="100" branch="false"/>
                <line number="143" hits="100" branch="false"/>
                <line number="144" hits="98" branch="false"/>
                <line number="146" hits="2" branch="false"/>
                <line number="25" hits="14" branch="false"/>
                <line number="31" hits="5" branch="false"/>
                <line number="31" hits="5" branch="false"/>
                <line number="19" hits="0" branch="false"/>
              </lines>
            </method>
            <method name="qenv.error" signature="" line-rate="0.923076923076923" branch-rate="0" complexity="0">
              <lines>
                <line number="151" hits="2" branch="false"/>
                <line number="152" hits="2" branch="false"/>
                <line number="153" hits="2" branch="false"/>
                <line number="154" hits="2" branch="false"/>
                <line number="155" hits="2" branch="false"/>
                <line number="156" hits="2" branch="false"/>
                <line number="157" hits="2" branch="false"/>
                <line number="158" hits="2" branch="false"/>
                <line number="159" hits="2" branch="false"/>
                <line number="160" hits="2" branch="false"/>
                <line number="27" hits="0" branch="false"/>
                <line number="35" hits="1" branch="false"/>
                <line number="35" hits="1" branch="false"/>
              </lines>
            </method>
            <method name="NULL" signature="" line-rate="1" branch-rate="0" complexity="0">
              <lines>
                <line number="39" hits="1" branch="false"/>
                <line number="39" hits="1" branch="false"/>
              </lines>
            </method>
          </methods>
          <lines>
            <line number="26" hits="7" branch="false"/>
            <line number="27" hits="7" branch="false"/>
            <line number="31" hits="5" branch="false"/>
            <line number="35" hits="1" branch="false"/>
            <line number="39" hits="1" branch="false"/>
          </lines>
        </class>
        <class name="qenv-join.R" filename="R/qenv-join.R" line-rate="0" branch-rate="0" complexity="0">
          <methods>
            <method name="join" signature="" line-rate="0" branch-rate="0" complexity="0">
              <lines>
                <line number="137" hits="0" branch="false"/>
              </lines>
            </method>
            <method name="qenv#qenv" signature="" line-rate="0.666666666666667" branch-rate="0" complexity="0">
              <lines>
                <line number="35" hits="5" branch="false"/>
                <line number="38" hits="5" branch="false"/>
                <line number="39" hits="5" branch="false"/>
                <line number="40" hits="5" branch="false"/>
                <line number="140" hits="0" branch="false"/>
                <line number="141" hits="0" branch="false"/>
              </lines>
            </method>
            <method name="qenv#qenv.error" signature="" line-rate="0.333333333333333" branch-rate="0" complexity="0">
              <lines>
                <line number="48" hits="1" branch="false"/>
                <line number="145" hits="0" branch="false"/>
                <line number="146" hits="0" branch="false"/>
              </lines>
            </method>
            <method name="qenv.error#ANY" signature="" line-rate="0.625" branch-rate="0" complexity="0">
              <lines>
                <line number="44" hits="3" branch="false"/>
                <line number="107" hits="0" branch="false"/>
                <line number="43" hits="1" branch="false"/>
                <line number="44" hits="1" branch="false"/>
                <line number="45" hits="1" branch="false"/>
                <line number="46" hits="1" branch="false"/>
                <line number="150" hits="0" branch="false"/>
                <line number="151" hits="0" branch="false"/>
              </lines>
            </method>
          </methods>
          <lines>
            <line number="137" hits="0" branch="false"/>
            <line number="140" hits="0" branch="false"/>
            <line number="141" hits="0" branch="false"/>
            <line number="145" hits="0" branch="false"/>
            <line number="146" hits="0" branch="false"/>
            <line number="150" hits="0" branch="false"/>
            <line number="151" hits="0" branch="false"/>
          </lines>
        </class>
        <class name="qenv-length.R" filename="R/qenv-length.R" line-rate="0.5" branch-rate="0" complexity="0">
          <methods>
            <method name="length.qenv" signature="" line-rate="0" branch-rate="0" complexity="0">
              <lines>
                <line number="2" hits="0" branch="false"/>
              </lines>
            </method>
            <method name="length.qenv.error" signature="" line-rate="1" branch-rate="0" complexity="0">
              <lines>
                <line number="5" hits="22" branch="false"/>
              </lines>
            </method>
          </methods>
          <lines>
            <line number="2" hits="0" branch="false"/>
            <line number="5" hits="22" branch="false"/>
          </lines>
        </class>
        <class name="qenv-show.R" filename="R/qenv-show.R" line-rate="0" branch-rate="0" complexity="0">
          <methods>
            <method name="qenv" signature="" line-rate="0.96551724137931" branch-rate="0" complexity="0">
              <lines>
                <line number="34" hits="167" branch="false"/>
                <line number="35" hits="165" branch="false"/>
                <line number="36" hits="167" branch="false"/>
                <line number="37" hits="2" branch="false"/>
                <line number="38" hits="1" branch="false"/>
                <line number="39" hits="167" branch="false"/>
                <line number="40" hits="166" branch="false"/>
                <line number="45" hits="166" branch="false"/>
                <line number="46" hits="166" branch="false"/>
                <line number="47" hits="166" branch="false"/>
                <line number="48" hits="166" branch="false"/>
                <line number="49" hits="166" branch="false"/>
                <line number="28" hits="164" branch="false"/>
                <line number="129" hits="100" branch="false"/>
                <line number="130" hits="100" branch="false"/>
                <line number="133" hits="100" branch="false"/>
                <line number="134" hits="60" branch="false"/>
                <line number="137" hits="100" branch="false"/>
                <line number="138" hits="60" branch="false"/>
                <line number="139" hits="100" branch="false"/>
                <line number="140" hits="40" branch="false"/>
                <line number="141" hits="100" branch="false"/>
                <line number="143" hits="100" branch="false"/>
                <line number="144" hits="98" branch="false"/>
                <line number="146" hits="2" branch="false"/>
                <line number="25" hits="14" branch="false"/>
                <line number="31" hits="5" branch="false"/>
                <line number="31" hits="5" branch="false"/>
                <line number="19" hits="0" branch="false"/>
              </lines>
            </method>
          </methods>
          <lines>
            <line number="19" hits="0" branch="false"/>
          </lines>
        </class>
        <class name="qenv-within.R" filename="R/qenv-within.R" line-rate="1" branch-rate="0" complexity="0">
          <methods>
            <method name="within.qenv" signature="" line-rate="1" branch-rate="0" complexity="0">
              <lines>
                <line number="57" hits="40" branch="false"/>
                <line number="58" hits="40" branch="false"/>
                <line number="61" hits="40" branch="false"/>
                <line number="62" hits="13" branch="false"/>
                <line number="65" hits="40" branch="false"/>
                <line number="68" hits="40" branch="false"/>
                <line number="70" hits="40" branch="false"/>
              </lines>
            </method>
            <method name="within.qenv.error" signature="" line-rate="1" branch-rate="0" complexity="0">
              <lines>
                <line number="78" hits="1" branch="false"/>
              </lines>
            </method>
          </methods>
          <lines>
            <line number="57" hits="40" branch="false"/>
            <line number="58" hits="40" branch="false"/>
            <line number="61" hits="40" branch="false"/>
            <line number="62" hits="13" branch="false"/>
            <line number="65" hits="40" branch="false"/>
            <line number="68" hits="40" branch="false"/>
            <line number="70" hits="40" branch="false"/>
            <line number="78" hits="1" branch="false"/>
          </lines>
        </class>
        <class name="utils-get_code_dependency.R" filename="R/utils-get_code_dependency.R" line-rate="0.989949748743719" branch-rate="0" complexity="0">
          <methods>
            <method name="get_code_dependency" signature="" line-rate="1" branch-rate="0" complexity="0">
              <lines>
                <line number="29" hits="72" branch="false"/>
                <line number="30" hits="72" branch="false"/>
                <line number="32" hits="72" branch="false"/>
                <line number="34" hits="72" branch="false"/>
                <line number="35" hits="71" branch="false"/>
                <line number="36" hits="71" branch="false"/>
                <line number="37" hits="71" branch="false"/>
                <line number="38" hits="71" branch="false"/>
                <line number="40" hits="71" branch="false"/>
                <line number="41" hits="8" branch="false"/>
                <line number="45" hits="72" branch="false"/>
                <line number="46" hits="1" branch="false"/>
                <line number="49" hits="71" branch="false"/>
                <line number="51" hits="71" branch="false"/>
                <line number="53" hits="71" branch="false"/>
                <line number="54" hits="71" branch="false"/>
              </lines>
            </method>
            <method name="find_call" signature="" line-rate="1" branch-rate="0" complexity="0">
              <lines>
                <line number="73" hits="623" branch="false"/>
                <line number="74" hits="623" branch="false"/>
                <line number="75" hits="623" branch="false"/>
                <line number="77" hits="623" branch="false"/>
                <line number="78" hits="623" branch="false"/>
                <line number="79" hits="8" branch="false"/>
                <line number="81" hits="615" branch="false"/>
              </lines>
            </method>
            <method name="extract_calls" signature="" line-rate="1" branch-rate="0" complexity="0">
              <lines>
                <line number="97" hits="530" branch="false"/>
                <line number="98" hits="530" branch="false"/>
                <line number="99" hits="530" branch="false"/>
                <line number="100" hits="530" branch="false"/>
                <line number="101" hits="530" branch="false"/>
                <line number="102" hits="530" branch="false"/>
                <line number="103" hits="530" branch="false"/>
                <line number="104" hits="530" branch="false"/>
                <line number="105" hits="530" branch="false"/>
                <line number="106" hits="530" branch="false"/>
                <line number="107" hits="530" branch="false"/>
                <line number="108" hits="530" branch="false"/>
                <line number="109" hits="530" branch="false"/>
                <line number="110" hits="530" branch="false"/>
              </lines>
            </method>
            <method name="get_children" signature="" line-rate="1" branch-rate="0" complexity="0">
              <lines>
                <line number="116" hits="6046" branch="false"/>
                <line number="117" hits="6046" branch="false"/>
                <line number="118" hits="6046" branch="false"/>
                <line number="119" hits="3419" branch="false"/>
                <line number="122" hits="2627" branch="false"/>
                <line number="123" hits="2627" branch="false"/>
              </lines>
            </method>
            <method name="fix_shifted_comments" signature="" line-rate="1" branch-rate="0" complexity="0">
              <lines>
                <line number="133" hits="530" branch="false"/>
                <line number="134" hits="53" branch="false"/>
                <line number="135" hits="113" branch="false"/>
                <line number="136" hits="113" branch="false"/>
                <line number="137" hits="6" branch="false"/>
                <line number="138" hits="6" branch="false"/>
                <line number="139" hits="6" branch="false"/>
                <line number="140" hits="6" branch="false"/>
                <line number="141" hits="6" branch="false"/>
                <line number="145" hits="530" branch="false"/>
              </lines>
            </method>
            <method name="remove_custom_assign" signature="" line-rate="0.888888888888889" branch-rate="0" complexity="0">
              <lines>
                <line number="154" hits="530" branch="false"/>
                <line number="155" hits="530" branch="false"/>
                <line number="156" hits="530" branch="false"/>
                <line number="157" hits="530" branch="false"/>
                <line number="158" hits="530" branch="false"/>
                <line number="159" hits="530" branch="false"/>
                <line number="160" hits="0" branch="false"/>
                <line number="161" hits="530" branch="false"/>
                <line number="162" hits="530" branch="false"/>
              </lines>
            </method>
            <method name="fix_arrows" signature="" line-rate="1" branch-rate="0" complexity="0">
              <lines>
                <line number="170" hits="530" branch="false"/>
                <line number="171" hits="530" branch="false"/>
                <line number="172" hits="530" branch="false"/>
                <line number="173" hits="530" branch="false"/>
                <line number="174" hits="530" branch="false"/>
                <line number="175" hits="530" branch="false"/>
              </lines>
            </method>
            <method name="sub_arrows" signature="" line-rate="1" branch-rate="0" complexity="0">
              <lines>
                <line number="182" hits="638" branch="false"/>
                <line number="183" hits="638" branch="false"/>
                <line number="184" hits="638" branch="false"/>
                <line number="185" hits="638" branch="false"/>
                <line number="186" hits="638" branch="false"/>
                <line number="187" hits="638" branch="false"/>
                <line number="188" hits="638" branch="false"/>
                <line number="189" hits="638" branch="false"/>
                <line number="190" hits="638" branch="false"/>
              </lines>
            </method>
            <method name="extract_occurrence" signature="" line-rate="0.982142857142857" branch-rate="0" complexity="0">
              <lines>
                <line number="214" hits="313" branch="false"/>
                <line number="217" hits="305" branch="false"/>
                <line number="218" hits="305" branch="false"/>
                <line number="219" hits="18" branch="false"/>
                <line number="220" hits="313" branch="false"/>
                <line number="221" hits="287" branch="false"/>
                <line number="222" hits="313" branch="false"/>
                <line number="223" hits="313" branch="false"/>
                <line number="224" hits="313" branch="false"/>
                <line number="225" hits="245" branch="false"/>
                <line number="226" hits="5" branch="false"/>
                <line number="227" hits="5" branch="false"/>
                <line number="228" hits="5" branch="false"/>
                <line number="229" hits="313" branch="false"/>
                <line number="230" hits="313" branch="false"/>
                <line number="233" hits="313" branch="false"/>
                <line number="234" hits="313" branch="false"/>
                <line number="235" hits="3" branch="false"/>
                <line number="236" hits="3" branch="false"/>
                <line number="239" hits="310" branch="false"/>
                <line number="240" hits="310" branch="false"/>
                <line number="244" hits="5" branch="false"/>
                <line number="245" hits="4" branch="false"/>
                <line number="247" hits="4" branch="false"/>
                <line number="248" hits="4" branch="false"/>
                <line number="249" hits="4" branch="false"/>
                <line number="250" hits="20" branch="false"/>
                <line number="251" hits="4" branch="false"/>
                <line number="254" hits="3" branch="false"/>
                <line number="256" hits="4" branch="false"/>
                <line number="257" hits="4" branch="false"/>
                <line number="258" hits="0" branch="false"/>
                <line number="268" hits="1" branch="false"/>
                <line number="270" hits="5" branch="false"/>
                <line number="271" hits="5" branch="false"/>
                <line number="275" hits="305" branch="false"/>
                <line number="276" hits="305" branch="false"/>
                <line number="278" hits="305" branch="false"/>
                <line number="279" hits="18" branch="false"/>
                <line number="283" hits="287" branch="false"/>
                <line number="284" hits="287" branch="false"/>
                <line number="285" hits="6" branch="false"/>
                <line number="286" hits="6" branch="false"/>
                <line number="287" hits="6" branch="false"/>
                <line number="290" hits="287" branch="false"/>
                <line number="291" hits="287" branch="false"/>
                <line number="292" hits="42" branch="false"/>
                <line number="295" hits="245" branch="false"/>
                <line number="297" hits="245" branch="false"/>
                <line number="298" hits="1" branch="false"/>
                <line number="301" hits="245" branch="false"/>
                <line number="302" hits="245" branch="false"/>
                <line number="303" hits="245" branch="false"/>
                <line number="304" hits="245" branch="false"/>
                <line number="305" hits="2" branch="false"/>
                <line number="307" hits="243" branch="false"/>
              </lines>
            </method>
            <method name="extract_side_effects" signature="" line-rate="1" branch-rate="0" complexity="0">
              <lines>
                <line number="335" hits="313" branch="false"/>
                <line number="336" hits="313" branch="false"/>
              </lines>
            </method>
            <method name="extract_dependency" signature="" line-rate="1" branch-rate="0" complexity="0">
              <lines>
                <line number="343" hits="314" branch="false"/>
                <line number="344" hits="314" branch="false"/>
                <line number="345" hits="314" branch="false"/>
                <line number="350" hits="313" branch="false"/>
              </lines>
            </method>
            <method name="graph_parser" signature="" line-rate="1" branch-rate="0" complexity="0">
              <lines>
                <line number="367" hits="299" branch="false"/>
                <line number="368" hits="299" branch="false"/>
                <line number="369" hits="299" branch="false"/>
                <line number="370" hits="299" branch="false"/>
                <line number="371" hits="299" branch="false"/>
                <line number="372" hits="299" branch="false"/>
                <line number="373" hits="299" branch="false"/>
                <line number="375" hits="299" branch="false"/>
                <line number="376" hits="137" branch="false"/>
                <line number="377" hits="137" branch="false"/>
                <line number="378" hits="299" branch="false"/>
                <line number="379" hits="299" branch="false"/>
                <line number="381" hits="299" branch="false"/>
                <line number="382" hits="105" branch="false"/>
                <line number="383" hits="105" branch="false"/>
                <line number="384" hits="105" branch="false"/>
                <line number="385" hits="105" branch="false"/>
                <line number="387" hits="194" branch="false"/>
              </lines>
            </method>
            <method name="detect_libraries" signature="" line-rate="1" branch-rate="0" complexity="0">
              <lines>
                <line number="407" hits="71" branch="false"/>
                <line number="409" hits="71" branch="false"/>
                <line number="410" hits="71" branch="false"/>
                <line number="411" hits="71" branch="false"/>
                <line number="412" hits="71" branch="false"/>
                <line number="413" hits="71" branch="false"/>
                <line number="414" hits="71" branch="false"/>
                <line number="415" hits="71" branch="false"/>
                <line number="416" hits="71" branch="false"/>
                <line number="417" hits="71" branch="false"/>
              </lines>
            </method>
            <method name="normalize_pd" signature="" line-rate="1" branch-rate="0" complexity="0">
              <lines>
                <line number="434" hits="530" branch="false"/>
                <line number="435" hits="530" branch="false"/>
                <line number="437" hits="530" branch="false"/>
              </lines>
            </method>
            <method name="get_call_breaks" signature="" line-rate="1" branch-rate="0" complexity="0">
              <lines>
                <line number="454" hits="216" branch="false"/>
                <line number="455" hits="216" branch="false"/>
                <line number="456" hits="216" branch="false"/>
                <line number="457" hits="216" branch="false"/>
                <line number="458" hits="216" branch="false"/>
                <line number="459" hits="216" branch="false"/>
                <line number="460" hits="216" branch="false"/>
                <line number="461" hits="216" branch="false"/>
                <line number="462" hits="216" branch="false"/>
                <line number="463" hits="216" branch="false"/>
                <line number="464" hits="216" branch="false"/>
                <line number="465" hits="216" branch="false"/>
                <line number="466" hits="216" branch="false"/>
              </lines>
            </method>
            <method name="split_code" signature="" line-rate="1" branch-rate="0" complexity="0">
              <lines>
                <line number="478" hits="216" branch="false"/>
                <line number="479" hits="216" branch="false"/>
                <line number="480" hits="166" branch="false"/>
                <line number="482" hits="50" branch="false"/>
                <line number="483" hits="50" branch="false"/>
                <line number="484" hits="50" branch="false"/>
                <line number="486" hits="50" branch="false"/>
                <line number="487" hits="50" branch="false"/>
                <line number="488" hits="50" branch="false"/>
                <line number="489" hits="50" branch="false"/>
                <line number="490" hits="50" branch="false"/>
                <line number="491" hits="50" branch="false"/>
                <line number="492" hits="50" branch="false"/>
                <line number="493" hits="50" branch="false"/>
                <line number="494" hits="50" branch="false"/>
                <line number="498" hits="50" branch="false"/>
              </lines>
            </method>
          </methods>
          <lines>
            <line number="29" hits="72" branch="false"/>
            <line number="30" hits="72" branch="false"/>
            <line number="32" hits="72" branch="false"/>
            <line number="34" hits="72" branch="false"/>
            <line number="35" hits="71" branch="false"/>
            <line number="36" hits="71" branch="false"/>
            <line number="37" hits="71" branch="false"/>
            <line number="38" hits="71" branch="false"/>
            <line number="40" hits="71" branch="false"/>
            <line number="41" hits="8" branch="false"/>
            <line number="45" hits="72" branch="false"/>
            <line number="46" hits="1" branch="false"/>
            <line number="49" hits="71" branch="false"/>
            <line number="51" hits="71" branch="false"/>
            <line number="53" hits="71" branch="false"/>
            <line number="54" hits="71" branch="false"/>
            <line number="73" hits="623" branch="false"/>
            <line number="74" hits="623" branch="false"/>
            <line number="75" hits="623" branch="false"/>
            <line number="77" hits="623" branch="false"/>
            <line number="78" hits="623" branch="false"/>
            <line number="79" hits="8" branch="false"/>
            <line number="81" hits="615" branch="false"/>
            <line number="97" hits="530" branch="false"/>
            <line number="98" hits="530" branch="false"/>
            <line number="99" hits="530" branch="false"/>
            <line number="100" hits="530" branch="false"/>
            <line number="101" hits="530" branch="false"/>
            <line number="102" hits="530" branch="false"/>
            <line number="103" hits="530" branch="false"/>
            <line number="104" hits="530" branch="false"/>
            <line number="105" hits="530" branch="false"/>
            <line number="106" hits="530" branch="false"/>
            <line number="107" hits="530" branch="false"/>
            <line number="108" hits="530" branch="false"/>
            <line number="109" hits="530" branch="false"/>
            <line number="110" hits="530" branch="false"/>
            <line number="116" hits="6046" branch="false"/>
            <line number="117" hits="6046" branch="false"/>
            <line number="118" hits="6046" branch="false"/>
            <line number="119" hits="3419" branch="false"/>
            <line number="122" hits="2627" branch="false"/>
            <line number="123" hits="2627" branch="false"/>
            <line number="133" hits="530" branch="false"/>
            <line number="134" hits="53" branch="false"/>
            <line number="135" hits="113" branch="false"/>
            <line number="136" hits="113" branch="false"/>
            <line number="137" hits="6" branch="false"/>
            <line number="138" hits="6" branch="false"/>
            <line number="139" hits="6" branch="false"/>
            <line number="140" hits="6" branch="false"/>
            <line number="141" hits="6" branch="false"/>
            <line number="145" hits="530" branch="false"/>
            <line number="154" hits="530" branch="false"/>
            <line number="155" hits="530" branch="false"/>
            <line number="156" hits="530" branch="false"/>
            <line number="157" hits="530" branch="false"/>
            <line number="158" hits="530" branch="false"/>
            <line number="159" hits="530" branch="false"/>
            <line number="160" hits="0" branch="false"/>
            <line number="161" hits="530" branch="false"/>
            <line number="162" hits="530" branch="false"/>
            <line number="170" hits="530" branch="false"/>
            <line number="171" hits="530" branch="false"/>
            <line number="172" hits="530" branch="false"/>
            <line number="173" hits="530" branch="false"/>
            <line number="174" hits="530" branch="false"/>
            <line number="175" hits="530" branch="false"/>
            <line number="182" hits="638" branch="false"/>
            <line number="183" hits="638" branch="false"/>
            <line number="184" hits="638" branch="false"/>
            <line number="185" hits="638" branch="false"/>
            <line number="186" hits="638" branch="false"/>
            <line number="187" hits="638" branch="false"/>
            <line number="188" hits="638" branch="false"/>
            <line number="189" hits="638" branch="false"/>
            <line number="190" hits="638" branch="false"/>
            <line number="214" hits="313" branch="false"/>
            <line number="217" hits="305" branch="false"/>
            <line number="218" hits="305" branch="false"/>
            <line number="219" hits="18" branch="false"/>
            <line number="220" hits="313" branch="false"/>
            <line number="221" hits="287" branch="false"/>
            <line number="222" hits="313" branch="false"/>
            <line number="223" hits="313" branch="false"/>
            <line number="224" hits="313" branch="false"/>
            <line number="225" hits="245" branch="false"/>
            <line number="226" hits="5" branch="false"/>
            <line number="227" hits="5" branch="false"/>
            <line number="228" hits="5" branch="false"/>
            <line number="229" hits="313" branch="false"/>
            <line number="230" hits="313" branch="false"/>
            <line number="233" hits="313" branch="false"/>
            <line number="234" hits="313" branch="false"/>
            <line number="235" hits="3" branch="false"/>
            <line number="236" hits="3" branch="false"/>
            <line number="239" hits="310" branch="false"/>
            <line number="240" hits="310" branch="false"/>
            <line number="244" hits="5" branch="false"/>
            <line number="245" hits="4" branch="false"/>
            <line number="247" hits="4" branch="false"/>
            <line number="248" hits="4" branch="false"/>
            <line number="249" hits="4" branch="false"/>
            <line number="250" hits="20" branch="false"/>
            <line number="251" hits="4" branch="false"/>
            <line number="254" hits="3" branch="false"/>
            <line number="256" hits="4" branch="false"/>
            <line number="257" hits="4" branch="false"/>
            <line number="258" hits="0" branch="false"/>
            <line number="268" hits="1" branch="false"/>
            <line number="270" hits="5" branch="false"/>
            <line number="271" hits="5" branch="false"/>
            <line number="275" hits="305" branch="false"/>
            <line number="276" hits="305" branch="false"/>
            <line number="278" hits="305" branch="false"/>
            <line number="279" hits="18" branch="false"/>
            <line number="283" hits="287" branch="false"/>
            <line number="284" hits="287" branch="false"/>
            <line number="285" hits="6" branch="false"/>
            <line number="286" hits="6" branch="false"/>
            <line number="287" hits="6" branch="false"/>
            <line number="290" hits="287" branch="false"/>
            <line number="291" hits="287" branch="false"/>
            <line number="292" hits="42" branch="false"/>
            <line number="295" hits="245" branch="false"/>
            <line number="297" hits="245" branch="false"/>
            <line number="298" hits="1" branch="false"/>
            <line number="301" hits="245" branch="false"/>
            <line number="302" hits="245" branch="false"/>
            <line number="303" hits="245" branch="false"/>
            <line number="304" hits="245" branch="false"/>
            <line number="305" hits="2" branch="false"/>
            <line number="307" hits="243" branch="false"/>
            <line number="335" hits="313" branch="false"/>
            <line number="336" hits="313" branch="false"/>
            <line number="343" hits="314" branch="false"/>
            <line number="344" hits="314" branch="false"/>
            <line number="345" hits="314" branch="false"/>
            <line number="350" hits="313" branch="false"/>
            <line number="367" hits="299" branch="false"/>
            <line number="368" hits="299" branch="false"/>
            <line number="369" hits="299" branch="false"/>
            <line number="370" hits="299" branch="false"/>
            <line number="371" hits="299" branch="false"/>
            <line number="372" hits="299" branch="false"/>
            <line number="373" hits="299" branch="false"/>
            <line number="375" hits="299" branch="false"/>
            <line number="376" hits="137" branch="false"/>
            <line number="377" hits="137" branch="false"/>
            <line number="378" hits="299" branch="false"/>
            <line number="379" hits="299" branch="false"/>
            <line number="381" hits="299" branch="false"/>
            <line number="382" hits="105" branch="false"/>
            <line number="383" hits="105" branch="false"/>
            <line number="384" hits="105" branch="false"/>
            <line number="385" hits="105" branch="false"/>
            <line number="387" hits="194" branch="false"/>
            <line number="407" hits="71" branch="false"/>
            <line number="409" hits="71" branch="false"/>
            <line number="410" hits="71" branch="false"/>
            <line number="411" hits="71" branch="false"/>
            <line number="412" hits="71" branch="false"/>
            <line number="413" hits="71" branch="false"/>
            <line number="414" hits="71" branch="false"/>
            <line number="415" hits="71" branch="false"/>
            <line number="416" hits="71" branch="false"/>
            <line number="417" hits="71" branch="false"/>
            <line number="434" hits="530" branch="false"/>
            <line number="435" hits="530" branch="false"/>
            <line number="437" hits="530" branch="false"/>
            <line number="454" hits="216" branch="false"/>
            <line number="455" hits="216" branch="false"/>
            <line number="456" hits="216" branch="false"/>
            <line number="457" hits="216" branch="false"/>
            <line number="458" hits="216" branch="false"/>
            <line number="459" hits="216" branch="false"/>
            <line number="460" hits="216" branch="false"/>
            <line number="461" hits="216" branch="false"/>
            <line number="462" hits="216" branch="false"/>
            <line number="463" hits="216" branch="false"/>
            <line number="464" hits="216" branch="false"/>
            <line number="465" hits="216" branch="false"/>
            <line number="466" hits="216" branch="false"/>
            <line number="478" hits="216" branch="false"/>
            <line number="479" hits="216" branch="false"/>
            <line number="480" hits="166" branch="false"/>
            <line number="482" hits="50" branch="false"/>
            <line number="483" hits="50" branch="false"/>
            <line number="484" hits="50" branch="false"/>
            <line number="486" hits="50" branch="false"/>
            <line number="487" hits="50" branch="false"/>
            <line number="488" hits="50" branch="false"/>
            <line number="489" hits="50" branch="false"/>
            <line number="490" hits="50" branch="false"/>
            <line number="491" hits="50" branch="false"/>
            <line number="492" hits="50" branch="false"/>
            <line number="493" hits="50" branch="false"/>
            <line number="494" hits="50" branch="false"/>
            <line number="498" hits="50" branch="false"/>
          </lines>
        </class>
        <class name="utils.R" filename="R/utils.R" line-rate="1" branch-rate="0" complexity="0">
          <methods>
            <method name="dev_suppress" signature="" line-rate="1" branch-rate="0" complexity="0">
              <lines>
                <line number="20" hits="123" branch="false"/>
                <line number="21" hits="123" branch="false"/>
                <line number="22" hits="123" branch="false"/>
              </lines>
            </method>
            <method name="lang2calls" signature="" line-rate="1" branch-rate="0" complexity="0">
              <lines>
                <line number="43" hits="185" branch="false"/>
                <line number="44" hits="5" branch="false"/>
                <line number="46" hits="180" branch="false"/>
                <line number="47" hits="166" branch="false"/>
                <line number="48" hits="8" branch="false"/>
                <line number="50" hits="158" branch="false"/>
                <line number="53" hits="14" branch="false"/>
              </lines>
            </method>
            <method name="get_warn_message_util" signature="" line-rate="1" branch-rate="0" complexity="0">
              <lines>
                <line number="64" hits="10" branch="false"/>
                <line number="65" hits="10" branch="false"/>
                <line number="66" hits="10" branch="false"/>
                <line number="67" hits="10" branch="false"/>
                <line number="68" hits="2" branch="false"/>
                <line number="70" hits="8" branch="false"/>
                <line number="71" hits="8" branch="false"/>
                <line number="73" hits="8" branch="false"/>
                <line number="74" hits="8" branch="false"/>
                <line number="75" hits="8" branch="false"/>
                <line number="76" hits="8" branch="false"/>
                <line number="77" hits="8" branch="false"/>
                <line number="78" hits="8" branch="false"/>
                <line number="79" hits="8" branch="false"/>
                <line number="81" hits="8" branch="false"/>
                <line number="82" hits="8" branch="false"/>
                <line number="83" hits="8" branch="false"/>
                <line number="84" hits="8" branch="false"/>
                <line number="85" hits="8" branch="false"/>
                <line number="86" hits="8" branch="false"/>
              </lines>
            </method>
          </methods>
          <lines>
            <line number="20" hits="123" branch="false"/>
            <line number="21" hits="123" branch="false"/>
            <line number="22" hits="123" branch="false"/>
            <line number="43" hits="185" branch="false"/>
            <line number="44" hits="5" branch="false"/>
            <line number="46" hits="180" branch="false"/>
            <line number="47" hits="166" branch="false"/>
            <line number="48" hits="8" branch="false"/>
            <line number="50" hits="158" branch="false"/>
            <line number="53" hits="14" branch="false"/>
            <line number="64" hits="10" branch="false"/>
            <line number="65" hits="10" branch="false"/>
            <line number="66" hits="10" branch="false"/>
            <line number="67" hits="10" branch="false"/>
            <line number="68" hits="2" branch="false"/>
            <line number="70" hits="8" branch="false"/>
            <line number="71" hits="8" branch="false"/>
            <line number="73" hits="8" branch="false"/>
            <line number="74" hits="8" branch="false"/>
            <line number="75" hits="8" branch="false"/>
            <line number="76" hits="8" branch="false"/>
            <line number="77" hits="8" branch="false"/>
            <line number="78" hits="8" branch="false"/>
            <line number="79" hits="8" branch="false"/>
            <line number="81" hits="8" branch="false"/>
            <line number="82" hits="8" branch="false"/>
            <line number="83" hits="8" branch="false"/>
            <line number="84" hits="8" branch="false"/>
            <line number="85" hits="8" branch="false"/>
            <line number="86" hits="8" branch="false"/>
          </lines>
        </class>
      </classes>
    </package>
  </packages>
</coverage>
